{"C:\\Users\\Camil\\Documents\\Ingeniería de Sistemas - UCB\\II - 2021\\Ingeniería de Software\\Programas\\Totalizador_TDD\\Totalizador_TDD\\src\\App.js": {"path":"C:\\Users\\Camil\\Documents\\Ingeniería de Sistemas - UCB\\II - 2021\\Ingeniería de Software\\Programas\\Totalizador_TDD\\Totalizador_TDD\\src\\App.js","statementMap":{"0":{"start":{"line":2,"column":2},"end":{"line":2,"column":15}}},"fnMap":{"0":{"name":"sumar","decl":{"start":{"line":1,"column":9},"end":{"line":1,"column":14}},"loc":{"start":{"line":1,"column":21},"end":{"line":3,"column":1}},"line":1}},"branchMap":{},"s":{"0":1},"f":{"0":1},"b":{},"_coverageSchema":"1a1c01bbd47fc00a2c39e90264f33305004495a9","hash":"0a8be8307d95eab07632c56717d75480ded707b2"}
}
